###############################################################################
#                                                                             #
#     IAR Assembler V7.10.1.6676/W32 for ARM 16/Sep/2015  16:10:27            #
#     Copyright 1999-2014 IAR Systems AB.                                     #
#                                                                             #
#           Source file   =  E:\Zigbee\EmberZNet5.6.0-GA\hal\micro\cortexm3\isr-stubs.s79#
#           List file     =  E:\Zigbee\EmberZNet5.6.0-GA\app\builder\ZigbeeRoute\rem\List\isr-stubs.lst#
#           Object file   =  E:\Zigbee\EmberZNet5.6.0-GA\app\builder\ZigbeeRoute\rem\Obj\isr-stubs.o#
#           Command line  =  E:\Zigbee\EmberZNet5.6.0-GA\hal\micro\cortexm3\isr-stubs.s79 #
#                            -OE:\Zigbee\EmberZNet5.6.0-GA\app\builder\ZigbeeRoute\rem\Obj\ #
#                            -s+ -M<> -w+ -r -DNULL_BTL -DCORTEXM3            #
#                            -DCORTEXM3_EMBER_MICRO -DCORTEXM3_EM357          #
#                            -DPHY_EM3XX                                      #
#                            -DAPPLICATION_TOKEN_HEADER="app/framework/util/tokens.h" #
#                            -DATTRIBUTE_STORAGE_CONFIGURATION="app/builder/ZigbeeRoute/ZigbeeRoute_endpoint_config.h" #
#                            -DBOARD_HEADER="app\builder\ZigbeeRoute\ZigbeeRoute_board.h" #
#                            -DCONFIGURATION_HEADER="app/framework/util/config.h" #
#                            -DGENERATED_TOKEN_HEADER="app/builder/ZigbeeRoute/ZigbeeRoute_tokens.h" #
#                            -DPLATFORM_HEADER="hal/micro/cortexm3/compiler/iar.h" #
#                            -DZA_GENERATED_HEADER="app/builder/ZigbeeRoute/ZigbeeRoute.h" #
#                            -LE:\Zigbee\EmberZNet5.6.0-GA\app\builder\ZigbeeRoute\rem\List\ #
#                            -t2 --cpu Cortex-M3 --fpu None                   #
#                            -IE:\Zigbee\EmberZNet5.6.0-GA\hal\micro\cortexm3\ #
#                            -IE:\Zigbee\EmberZNet5.6.0-GA\app\builder\ZigbeeRoute\ #
#                            -IE:\Zigbee\EmberZNet5.6.0-GA\app\builder\ZigbeeRoute\..\..\..\ #
#                            -IE:\Zigbee\EmberZNet5.6.0-GA\app\builder\ZigbeeRoute\..\..\..\app\framework\include\ #
#                            -IE:\Zigbee\EmberZNet5.6.0-GA\app\builder\ZigbeeRoute\..\..\..\stack\ #
#                            -IE:\Zigbee\EmberZNet5.6.0-GA\app\builder\ZigbeeRoute\..\..\..\app\util\ #
#                            -IE:\Zigbee\EmberZNet5.6.0-GA\app\builder\ZigbeeRoute\..\..\..\hal\ #
#                            -IE:\Zigbee\EmberZNet5.6.0-GA\app\builder\ZigbeeRoute\..\..\..\hal\..\ #
#                                                                             #
###############################################################################

    1                           //--------------------------------------------
                                ----------------------------------
    2                           // @file hal/micro/cortexm3/isr-stubs.s79
    3                           // @brief Stubs for all exception handlers
                                 (ISRs)
    4                           // 
    5                           // NOTE: You should NOT have to change this
                                 file to instatiate your own ISR!
    6                           //
    7                           // By providing a *weak* function here, every
                                 vector in the interrupt table is
    8                           // guaranteed to be defined.  These functions
                                 will be overridden during link
    9                           // time whenever the same function (symbol)
                                 name is used normally in another
   10                           // source file.
   11                           //
   12                           // RESULT:  Simply define whichever ISRs you
                                 need in your application and this
   13                           // file will fill in the gaps during
                                 linking.
   14                           //
   15                           // Author: Brooks Barrett
   16                           // Copyright 2007 by Ember Corporation. All
                                 rights reserved.                *80*
   17                           //--------------------------------------------
                                ----------------------------------
   18                           
   19                           //Normally the default NVIC_CONFIG file would
                                 be defined in the PLATFORM_HEADER
   20                           //but this assembly file does not include the
                                 PLATFORM_HEADER (it can't
   21                           //because this is assembly, and the header is
                                 for c).
   22                           #ifndef NVIC_CONFIG
   23                             #define NVIC_CONFIG "hal/micro/cortexm3/nvic
                                -config.h"
   24                           #endif
   25                           #include "compiler/asm.h"
   26                           
   27                           // NOTE: Any use of white space in this file
                                 is ignored by the preprocessor.
   28                           //       Since assembly files have white space
                                 requirements, the white space
   29                           //       needed is implemented in the
                                 nvic-config.h file itself.
   30                           
   31                           #define EXCEPTION(vectorNumber, functionName,
                                 priorityLevel, subpriority) \
   33                           #define PERM_EXCEPTION(vectorNumber,
                                 functionName, priorityLevel)
   34                           #include NVIC_CONFIG
   35                           #undef  PERM_EXCEPTION
   36                           #undef  EXCEPTION
   37                           
   38                           
   39                           
   40                           #define SEGMENT() \
   42                           #define SEGMENT2() \
   44                           #define EXCEPTION(vectorNumber, functionName,
                                 priorityLevel, subpriority) \
   46                           #define PERM_EXCEPTION(vectorNumber,
                                 functionName, priorityLevel)
   47                           #include NVIC_CONFIG
   48                           #undef  PERM_EXCEPTION
   49                           #undef  EXCEPTION
   50                           
   51                           
   52                           // Every function defined above will reference
                                 the following code
   53                           // Since each function is still defined
                                 PUBWEAK with its own segment, the
   54                           // linker will still do it's job and stub out
                                 only the functions that need it.
   55                           // By having all the stubs reference the same
                                 code, we save 96 bytes!
   56                                   __IMPORT__ uninitializedIsr
   57    00000000 ........              B   uninitializedIsr
   58                           
   59                           
   60                                   __END__
##############################
#           CRC:0            #
#        Errors:   0         #
#        Warnings: 0         #
#          Bytes: 4          #
##############################



