###############################################################################
#
# IAR ANSI C/C++ Compiler V7.10.1.6676/W32 for ARM        22/Oct/2015  09:33:55
# Copyright 1999-2014 IAR Systems AB.
#
#    Cpu mode     =  thumb
#    Endian       =  little
#    Source file  =  E:\Zigbee\EmberZNet5.6.0-GA\hal\micro\generic\random.c
#    Command line =  
#        E:\Zigbee\EmberZNet5.6.0-GA\hal\micro\generic\random.c -D DIMMER -D
#        NULL_BTL -D CORTEXM3 -D CORTEXM3_EMBER_MICRO -D CORTEXM3_EM357 -D
#        PHY_EM3XX -D
#        "APPLICATION_TOKEN_HEADER=\"app/framework/util/tokens.h\"" -D
#        "ATTRIBUTE_STORAGE_CONFIGURATION=\"app/builder/ZigbeeRoute/ZigbeeRoute_endpoint_config.h\""
#        -D "BOARD_HEADER=\"app\builder\ZigbeeRoute\ZigbeeRoute_board.h\"" -D
#        "CONFIGURATION_HEADER=\"app/framework/util/config.h\"" -D
#        "GENERATED_TOKEN_HEADER=\"app/builder/ZigbeeRoute/ZigbeeRoute_tokens.h\""
#        -D "PLATFORM_HEADER=\"hal/micro/cortexm3/compiler/iar.h\"" -D
#        "ZA_GENERATED_HEADER=\"app/builder/ZigbeeRoute/ZigbeeRoute.h\"" -D
#        "__SOURCEFILE__=\"random.c\"" -lC
#        E:\Zigbee\EmberZNet5.6.0-GA\app\builder\ZigbeeRoute\dim\List\
#        --diag_suppress Pa050 -o
#        E:\Zigbee\EmberZNet5.6.0-GA\app\builder\ZigbeeRoute\dim\Obj\ --debug
#        --endian=little --cpu=Cortex-M3 --no_path_in_file_macros
#        --separate_cluster_for_initialized_variables -e --fpu=None
#        --dlib_config "C:\Program Files (x86)\IAR Systems\Embedded Workbench
#        7.0\arm\INC\c\DLib_Config_Normal.h" -I
#        E:\Zigbee\EmberZNet5.6.0-GA\hal\micro\generic\ -I
#        E:\Zigbee\EmberZNet5.6.0-GA\app\builder\ZigbeeRoute\ -I
#        E:\Zigbee\EmberZNet5.6.0-GA\app\builder\ZigbeeRoute\..\..\..\ -I
#        E:\Zigbee\EmberZNet5.6.0-GA\app\builder\ZigbeeRoute\..\..\..\app\framework\include\
#        -I
#        E:\Zigbee\EmberZNet5.6.0-GA\app\builder\ZigbeeRoute\..\..\..\app\util\
#        -I E:\Zigbee\EmberZNet5.6.0-GA\app\builder\ZigbeeRoute\..\..\..\stack\
#        -I E:\Zigbee\EmberZNet5.6.0-GA\app\builder\ZigbeeRoute\..\..\..\hal\
#        -I
#        E:\Zigbee\EmberZNet5.6.0-GA\app\builder\ZigbeeRoute\..\..\..\hal\..\
#        -Ohz --use_c++_inline
#    List file    =  
#        E:\Zigbee\EmberZNet5.6.0-GA\app\builder\ZigbeeRoute\dim\List\random.lst
#    Object file  =  
#        E:\Zigbee\EmberZNet5.6.0-GA\app\builder\ZigbeeRoute\dim\Obj\random.o
#
###############################################################################

E:\Zigbee\EmberZNet5.6.0-GA\hal\micro\generic\random.c
      1          /*
      2           * File: hal/micro/generic/random.c
      3           * Description: Generic source for random number functions.
      4           *
      5           * Author(s): Lee Taylor, lee@ember.com,
      6           *            Jeff Mathews, jm@ember.com
      7           *
      8           * Copyright 2007 by Ember Corporation. All rights reserved.                *80*
      9           */
     10          
     11          #include PLATFORM_HEADER
     12          #include "hal/micro/random.h"
     13          
     14          ////////////////////////

   \                                 In section .data, align 2
     15          int16u seed0 = 0xbeef;
   \                     seed0:
   \   00000000   0xBEEF             DC16 48879
     16          int16u seed1 = 0xface;
   \                     seed1:
   \   00000002   0xFACE             DC16 64206
     17          #ifdef RNG_SELF_TEST
     18          int16u lastval = 0xffff;
     19          #endif
     20          

   \                                 In section .text, align 2, keep-with-next
     21          void halStackSeedRandom(int32u seed) 
     22          {
     23            seed0 = (int16u) seed;
     24            if (seed0 == 0)
   \                     halStackSeedRandom: (+1)
   \   00000000   0xB281             UXTH     R1,R0
   \   00000002   0xB909             CBNZ.N   R1,??halStackSeedRandom_0
     25              seed0 = 0xbeef;
   \   00000004   0xF64B 0x61EF      MOVW     R1,#+48879
   \                     ??halStackSeedRandom_0: (+1)
   \   00000008   0x....             LDR.N    R2,??DataTable1
   \   0000000A   0x8011             STRH     R1,[R2, #+0]
     26            seed1 = (int16u) (seed >> 16);
   \   0000000C   0x0C00             LSRS     R0,R0,#+16
     27            if (seed1 == 0)
   \   0000000E   0xBF08             IT       EQ 
     28              seed1 = 0xface;
   \   00000010   0xF64F 0x20CE      MOVWEQ   R0,#+64206
   \   00000014   0x8050             STRH     R0,[R2, #+2]
     29          }
   \   00000016   0x4770             BX       LR               ;; return
     30          
     31          /*
     32            the stdlib rand() takes about 2.25ms @3.68MHz on the AVR
     33            hell- you can run an software implimentation AES cipher block in 1.5ms!
     34            obviously an LFSR method is much faster (12us on a 4MHz 128AVR actually).
     35            in the FPGA we did the first poly you see here but on a 32bit seed, 
     36            taking only the msb word, but we quickly noticed a sequential nature 
     37            in the output. so at each random number generation we actually ran the 
     38            LFSR 16 times. we can avoid that but still remove the sequential nature 
     39            and get a good looking spread by running two LFSRs and XORing them.
     40          */
     41          
     42          // ** NOTE: we might consider replacing the pseudo rng generation by
     43          // LFSR with something like SCG, LCG, or ACG - if the time trade off
     44          // is acceptable.
     45          

   \                                 In section .text, align 2, keep-with-next
     46          static int16u shift(int16u *val, int16u taps)
     47          {
     48            int16u newVal = *val;
   \                     shift: (+1)
   \   00000000   0x8802             LDRH     R2,[R0, #+0]
     49          
     50            if (newVal & 0x8000)
   \   00000002   0x0413             LSLS     R3,R2,#+16
   \   00000004   0xBF48             IT       MI 
     51              newVal ^= taps;
   \   00000006   0x404A             EORMI    R2,R1,R2
     52            *val = newVal << 1;
   \   00000008   0x0051             LSLS     R1,R2,#+1
   \   0000000A   0x8001             STRH     R1,[R0, #+0]
     53            return newVal;
   \   0000000C   0x4610             MOV      R0,R2
   \   0000000E   0x4770             BX       LR               ;; return
     54          }
     55          

   \                                 In section .text, align 2, keep-with-next
     56          int16u halCommonGetRandom(void)
     57          {
   \                     halCommonGetRandom: (+1)
   \   00000000   0xB538             PUSH     {R3-R5,LR}
     58            int16u val;
     59            val = (shift(&seed0, 0x0062) ^ shift(&seed1, 0x100B));
     60          
     61            // See Task EFM32ESS-869
     62            #ifdef RNG_SELF_TEST
     63            while (lastval == val)
     64            {
     65              val = (shift(&seed0, 0x0062) ^ shift(&seed1, 0x100B));
     66            }
     67            lastval = val;
     68            #endif
     69          
     70            return val;
   \   00000002   0x....             LDR.N    R4,??DataTable1
   \   00000004   0x2162             MOVS     R1,#+98
   \   00000006   0x4620             MOV      R0,R4
   \   00000008   0x.... 0x....      BL       shift
   \   0000000C   0x4605             MOV      R5,R0
   \   0000000E   0xF241 0x010B      MOVW     R1,#+4107
   \   00000012   0x1CA0             ADDS     R0,R4,#+2
   \   00000014   0x.... 0x....      BL       shift
   \   00000018   0x4068             EORS     R0,R0,R5
   \   0000001A   0xBD32             POP      {R1,R4,R5,PC}    ;; return
     71          }

   \                                 In section .text, align 4, keep-with-next
   \                     ??DataTable1:
   \   00000000   0x........         DC32     seed0
     72          

   Maximum stack usage in bytes:

   .cstack Function
   ------- --------
      16   halCommonGetRandom
        16   -> shift
       0   halStackSeedRandom
       0   shift


   Section sizes:

   Bytes  Function/Label
   -----  --------------
       4  ??DataTable1
      28  halCommonGetRandom
      24  halStackSeedRandom
       4  seed0
          seed1
      16  shift

 
  4 bytes in section .data
 72 bytes in section .text
 
 72 bytes of CODE memory
  4 bytes of DATA memory

Errors: none
Warnings: none
