###############################################################################
#
# IAR ANSI C/C++ Compiler V7.10.1.6676/W32 for ARM        24/Aug/2015  14:17:23
# Copyright 1999-2014 IAR Systems AB.
#
#    Cpu mode     =  thumb
#    Endian       =  little
#    Source file  =  
#        E:\Zigbee\EmberZNet5.6.0-GA\app\builder\ZigbeeRoute\ButonExe.c
#    Command line =  
#        E:\Zigbee\EmberZNet5.6.0-GA\app\builder\ZigbeeRoute\ButonExe.c -D
#        NULL_BTL -D CORTEXM3 -D CORTEXM3_EMBER_MICRO -D CORTEXM3_EM357 -D
#        PHY_EM3XX -D
#        "APPLICATION_TOKEN_HEADER=\"app/framework/util/tokens.h\"" -D
#        "ATTRIBUTE_STORAGE_CONFIGURATION=\"app/builder/ZigbeeRoute/ZigbeeRoute_endpoint_config.h\""
#        -D "BOARD_HEADER=\"app\builder\ZigbeeRoute\ZigbeeRoute_board.h\"" -D
#        "CONFIGURATION_HEADER=\"app/framework/util/config.h\"" -D
#        "GENERATED_TOKEN_HEADER=\"app/builder/ZigbeeRoute/ZigbeeRoute_tokens.h\""
#        -D "PLATFORM_HEADER=\"hal/micro/cortexm3/compiler/iar.h\"" -D
#        "ZA_GENERATED_HEADER=\"app/builder/ZigbeeRoute/ZigbeeRoute.h\"" -D
#        "__SOURCEFILE__=\"ButonExe.c\"" -lC
#        E:\Zigbee\EmberZNet5.6.0-GA\app\builder\ZigbeeRoute\build\lst\
#        --diag_suppress Pa050 -o
#        E:\Zigbee\EmberZNet5.6.0-GA\app\builder\ZigbeeRoute\build\obj\ --debug
#        --endian=little --cpu=Cortex-M3 --no_path_in_file_macros
#        --separate_cluster_for_initialized_variables -e --fpu=None
#        --dlib_config "C:\Program Files (x86)\IAR Systems\Embedded Workbench
#        7.0\arm\INC\c\DLib_Config_Normal.h" -I
#        E:\Zigbee\EmberZNet5.6.0-GA\app\builder\ZigbeeRoute\ -I
#        E:\Zigbee\EmberZNet5.6.0-GA\app\builder\ZigbeeRoute\ -I
#        E:\Zigbee\EmberZNet5.6.0-GA\app\builder\ZigbeeRoute\..\..\..\ -I
#        E:\Zigbee\EmberZNet5.6.0-GA\app\builder\ZigbeeRoute\..\..\..\app\framework\include\
#        -I
#        E:\Zigbee\EmberZNet5.6.0-GA\app\builder\ZigbeeRoute\..\..\..\app\util\
#        -I E:\Zigbee\EmberZNet5.6.0-GA\app\builder\ZigbeeRoute\..\..\..\stack\
#        -I E:\Zigbee\EmberZNet5.6.0-GA\app\builder\ZigbeeRoute\..\..\..\hal\
#        -I
#        E:\Zigbee\EmberZNet5.6.0-GA\app\builder\ZigbeeRoute\..\..\..\hal\..\
#        -Ohz --use_c++_inline
#    List file    =  
#        E:\Zigbee\EmberZNet5.6.0-GA\app\builder\ZigbeeRoute\build\lst\ButonExe.lst
#    Object file  =  
#        E:\Zigbee\EmberZNet5.6.0-GA\app\builder\ZigbeeRoute\build\obj\ButonExe.o
#
###############################################################################

E:\Zigbee\EmberZNet5.6.0-GA\app\builder\ZigbeeRoute\ButonExe.c
      1          
      2          
      3          
      4          
      5          //-----------------------------Khai bao thu vien---------------------//
      6          
      7          
      8          #include "app/framework/include/af.h"
      9          #include "task.h"
     10          
     11          //-----------------------------Khai bao bien-------------------------//
     12          
     13          
     14          
     15          
     16          //---------------------Enum--------------------//
     17          
     18          
     19          
     20          //---------------------Struct------------------//
     21          
     22          
     23          
     24          
     25          //------------------------------Xu li chuong trinh-------------------//

   \                                 In section .text, align 2, keep-with-next
     26          void beButtonPress (void){
   \                     beButtonPress: (+1)
   \   00000000   0xB500             PUSH     {LR}
   \   00000002   0xB083             SUB      SP,SP,#+12
     27          	int8u ison;
     28              EmberAfStatus readStatus;
     29          	EmberAfStatus writeStatus;
                 	              ^
Warning[Pe550]: variable "writeStatus" was set but never used
     30          	readStatus = emberAfReadServerAttribute(2,
     31          					ZCL_ON_OFF_CLUSTER_ID, ZCL_ON_OFF_ATTRIBUTE_ID, &ison, sizeof(ison));
   \   00000004   0x.... 0x....      BL       ?Subroutine0
   \                     ??CrossCallReturnLabel_0: (+1)
   \   00000008   0x.... 0x....      BL       emberAfReadServerAttribute
   \   0000000C   0x0003             MOVS     R3,R0
     32              if (readStatus != EMBER_ZCL_STATUS_SUCCESS) {
   \   0000000E   0xD007             BEQ.N    ??beButtonPress_0
     33          		// print an error message
     34          		emberAfOnOffClusterPrintln(
     35          				"Error reading attribute 0x%2X: 0x%X", ZCL_ON_OFF_ATTRIBUTE_ID,
     36          				readStatus);
   \   00000010   0x2200             MOVS     R2,#+0
   \   00000012   0x.... 0x....      ADR.W    R1,`?<Constant "Error reading attribu...">`
   \   00000016   0xF44F 0x7082      MOV      R0,#+260
   \   0000001A   0x.... 0x....      BL       emberAfPrintln
     37          		return;
   \   0000001E   0xBD07             POP      {R0-R2,PC}
     38          
     39          	}
     40          	// Update LED accordingly
     41          
     42          	if (ison) {
   \                     ??beButtonPress_0: (+1)
   \   00000020   0xF89D 0x0004      LDRB     R0,[SP, #+4]
   \   00000024   0xB130             CBZ.N    R0,??beButtonPress_1
     43          		// set LED
     44          		ison = 1;
   \   00000026   0x2001             MOVS     R0,#+1
   \   00000028   0xF88D 0x0004      STRB     R0,[SP, #+4]
     45          		halSetLed(BOARDLED0);
   \   0000002C   0x2015             MOVS     R0,#+21
   \   0000002E   0x.... 0x....      BL       halSetLed
   \   00000032   0xE002             B.N      ??beButtonPress_2
     46          	} else {
     47          		// clear LED
     48          		ison = 0;
     49          		halClearLed(BOARDLED0);
   \                     ??beButtonPress_1: (+1)
   \   00000034   0x2015             MOVS     R0,#+21
   \   00000036   0x.... 0x....      BL       halClearLed
     50          	}
     51          
     52          	writeStatus = emberAfWriteServerAttribute(2,
     53          					ZCL_ON_OFF_CLUSTER_ID,ZCL_ON_OFF_ATTRIBUTE_ID, &ison, sizeof(ison));
   \                     ??beButtonPress_2: (+1)
   \   0000003A   0x.... 0x....      BL       ?Subroutine0
   \                     ??CrossCallReturnLabel_1: (+1)
   \   0000003E   0x.... 0x....      BL       emberAfWriteServerAttribute
     54          
     55          }
   \   00000042   0xBD07             POP      {R0-R2,PC}       ;; return

   \                                 In section .text, align 2, keep-with-next
   \                     ?Subroutine0: (+1)
   \   00000000   0x2001             MOVS     R0,#+1
   \   00000002   0x9000             STR      R0,[SP, #+0]
   \   00000004   0xAB01             ADD      R3,SP,#+4
   \   00000006   0x2200             MOVS     R2,#+0
   \   00000008   0x2106             MOVS     R1,#+6
   \   0000000A   0x2002             MOVS     R0,#+2
   \   0000000C   0x4770             BX       LR

   \                                 In section .text, align 4, keep-with-next
   \                     `?<Constant "Error reading attribu...">`:
   \   00000000   0x45 0x72          DC8 "Error reading attribute 0x%2X: 0x%X"
   \              0x72 0x6F    
   \              0x72 0x20    
   \              0x72 0x65    
   \              0x61 0x64    
   \              0x69 0x6E    
   \              0x67 0x20    
   \              0x61 0x74    
   \              0x74 0x72    
   \              0x69 0x62    
   \              0x75 0x74    
   \              0x65 0x20    
   \              0x30 0x78    
   \              0x25 0x32    
   \              0x58 0x3A    
   \              0x20 0x30    
   \              0x78 0x25    
   \              0x58 0x00    
     56          
     57          
     58          
     59          
     60          //------------------------------Task Utility-------------------------//
     61          
     62          
     63          
     64          
     65          
     66          //------------------------------End File-------------------------//

   Maximum stack usage in bytes:

   .cstack Function
   ------- --------
      16   beButtonPress
        16   -> emberAfPrintln
        16   -> emberAfReadServerAttribute
        16   -> emberAfWriteServerAttribute
        16   -> halClearLed
        16   -> halSetLed


   Section sizes:

   Bytes  Function/Label
   -----  --------------
      36  ?<Constant "Error reading attribu...">
      14  ?Subroutine0
      68  beButtonPress

 
 118 bytes in section .text
 
 118 bytes of CODE memory

Errors: none
Warnings: 1
