###############################################################################
#
# IAR ANSI C/C++ Compiler V7.10.1.6676/W32 for ARM        31/Aug/2015  14:18:05
# Copyright 1999-2014 IAR Systems AB.
#
#    Cpu mode     =  thumb
#    Endian       =  little
#    Source file  =  
#        E:\Zigbee\EmberZNet5.6.0-GA\app\framework\plugin\diagnostic-server\diagnostic-server-soc.c
#    Command line =  
#        E:\Zigbee\EmberZNet5.6.0-GA\app\framework\plugin\diagnostic-server\diagnostic-server-soc.c
#        -D NULL_BTL -D CORTEXM3 -D CORTEXM3_EMBER_MICRO -D CORTEXM3_EM357 -D
#        PHY_EM3XX -D
#        "APPLICATION_TOKEN_HEADER=\"app/framework/util/tokens.h\"" -D
#        "ATTRIBUTE_STORAGE_CONFIGURATION=\"app/builder/ZigbeeRoute/ZigbeeRoute_endpoint_config.h\""
#        -D "BOARD_HEADER=\"app\builder\ZigbeeRoute\ZigbeeRoute_board.h\"" -D
#        "CONFIGURATION_HEADER=\"app/framework/util/config.h\"" -D
#        "GENERATED_TOKEN_HEADER=\"app/builder/ZigbeeRoute/ZigbeeRoute_tokens.h\""
#        -D "PLATFORM_HEADER=\"hal/micro/cortexm3/compiler/iar.h\"" -D
#        "ZA_GENERATED_HEADER=\"app/builder/ZigbeeRoute/ZigbeeRoute.h\"" -D
#        "__SOURCEFILE__=\"diagnostic-server-soc.c\"" -lC
#        E:\Zigbee\EmberZNet5.6.0-GA\app\builder\ZigbeeRoute\build\lst\
#        --diag_suppress Pa050 -o
#        E:\Zigbee\EmberZNet5.6.0-GA\app\builder\ZigbeeRoute\build\obj\ --debug
#        --endian=little --cpu=Cortex-M3 --no_path_in_file_macros
#        --separate_cluster_for_initialized_variables -e --fpu=None
#        --dlib_config "C:\Program Files (x86)\IAR Systems\Embedded Workbench
#        7.0\arm\INC\c\DLib_Config_Normal.h" -I
#        E:\Zigbee\EmberZNet5.6.0-GA\app\framework\plugin\diagnostic-server\ -I
#        E:\Zigbee\EmberZNet5.6.0-GA\app\builder\ZigbeeRoute\ -I
#        E:\Zigbee\EmberZNet5.6.0-GA\app\builder\ZigbeeRoute\..\..\..\ -I
#        E:\Zigbee\EmberZNet5.6.0-GA\app\builder\ZigbeeRoute\..\..\..\app\framework\include\
#        -I
#        E:\Zigbee\EmberZNet5.6.0-GA\app\builder\ZigbeeRoute\..\..\..\app\util\
#        -I E:\Zigbee\EmberZNet5.6.0-GA\app\builder\ZigbeeRoute\..\..\..\stack\
#        -I E:\Zigbee\EmberZNet5.6.0-GA\app\builder\ZigbeeRoute\..\..\..\hal\
#        -I
#        E:\Zigbee\EmberZNet5.6.0-GA\app\builder\ZigbeeRoute\..\..\..\hal\..\
#        -Ohz --use_c++_inline
#    List file    =  
#        E:\Zigbee\EmberZNet5.6.0-GA\app\builder\ZigbeeRoute\build\lst\diagnostic-server-soc.lst
#    Object file  =  
#        E:\Zigbee\EmberZNet5.6.0-GA\app\builder\ZigbeeRoute\build\obj\diagnostic-server-soc.o
#
###############################################################################

E:\Zigbee\EmberZNet5.6.0-GA\app\framework\plugin\diagnostic-server\diagnostic-server-soc.c
      1          // Copyright 2007 - 2012 by Ember Corporation. All rights reserved.
      2          // 
      3          //
      4          
      5          #include "app/framework/include/af.h"
      6          #include "app/framework/plugin/counters/counters.h"
      7          #include "diagnostic-server.h"
      8          

   \                                 In section .text, align 4, keep-with-next
      9          boolean emberAfReadDiagnosticAttribute(
     10                              EmberAfAttributeMetadata *attributeMetadata, 
     11                              int8u *buffer) {
   \                     emberAfReadDiagnosticAttribute: (+1)
   \   00000000   0xB580             PUSH     {R7,LR}
   \   00000002   0x460B             MOV      R3,R1
     12            int8u emberCounter = EMBER_COUNTER_TYPE_COUNT;
     13            switch (attributeMetadata->attributeId) {
   \   00000004   0x8800             LDRH     R0,[R0, #+0]
   \   00000006   0xF44F 0x7180      MOV      R1,#+256
   \   0000000A   0x1A40             SUBS     R0,R0,R1
   \   0000000C   0xD034             BEQ.N    ??emberAfReadDiagnosticAttribute_0
   \   0000000E   0x1E40             SUBS     R0,R0,#+1
   \   00000010   0xD03B             BEQ.N    ??emberAfReadDiagnosticAttribute_1
   \   00000012   0x1E40             SUBS     R0,R0,#+1
   \   00000014   0xD03B             BEQ.N    ??emberAfReadDiagnosticAttribute_2
   \   00000016   0x1E40             SUBS     R0,R0,#+1
   \   00000018   0xD03B             BEQ.N    ??emberAfReadDiagnosticAttribute_3
   \   0000001A   0x1E40             SUBS     R0,R0,#+1
   \   0000001C   0xD03B             BEQ.N    ??emberAfReadDiagnosticAttribute_4
   \   0000001E   0x1E40             SUBS     R0,R0,#+1
   \   00000020   0xD03B             BEQ.N    ??emberAfReadDiagnosticAttribute_5
   \   00000022   0x1E40             SUBS     R0,R0,#+1
   \   00000024   0xD03B             BEQ.N    ??emberAfReadDiagnosticAttribute_6
   \   00000026   0x1E40             SUBS     R0,R0,#+1
   \   00000028   0xD03B             BEQ.N    ??emberAfReadDiagnosticAttribute_7
   \   0000002A   0x1E40             SUBS     R0,R0,#+1
   \   0000002C   0xD03B             BEQ.N    ??emberAfReadDiagnosticAttribute_8
   \   0000002E   0x1E40             SUBS     R0,R0,#+1
   \   00000030   0xD03B             BEQ.N    ??emberAfReadDiagnosticAttribute_9
   \   00000032   0x1E40             SUBS     R0,R0,#+1
   \   00000034   0xD03B             BEQ.N    ??emberAfReadDiagnosticAttribute_10
   \   00000036   0x1E40             SUBS     R0,R0,#+1
   \   00000038   0xD03B             BEQ.N    ??emberAfReadDiagnosticAttribute_11
   \   0000003A   0x1E40             SUBS     R0,R0,#+1
   \   0000003C   0xD03B             BEQ.N    ??emberAfReadDiagnosticAttribute_12
   \   0000003E   0x1E40             SUBS     R0,R0,#+1
   \   00000040   0xD03B             BEQ.N    ??emberAfReadDiagnosticAttribute_13
   \   00000042   0x1E40             SUBS     R0,R0,#+1
   \   00000044   0xD03B             BEQ.N    ??emberAfReadDiagnosticAttribute_14
   \   00000046   0x1E40             SUBS     R0,R0,#+1
   \   00000048   0xD03B             BEQ.N    ??emberAfReadDiagnosticAttribute_15
   \   0000004A   0x1E40             SUBS     R0,R0,#+1
   \   0000004C   0xD03B             BEQ.N    ??emberAfReadDiagnosticAttribute_16
   \   0000004E   0x1E40             SUBS     R0,R0,#+1
   \   00000050   0xD03B             BEQ.N    ??emberAfReadDiagnosticAttribute_17
   \   00000052   0x1E40             SUBS     R0,R0,#+1
   \   00000054   0xD03B             BEQ.N    ??emberAfReadDiagnosticAttribute_18
   \   00000056   0x1E40             SUBS     R0,R0,#+1
   \   00000058   0xD03B             BEQ.N    ??emberAfReadDiagnosticAttribute_19
   \   0000005A   0x1E40             SUBS     R0,R0,#+1
   \   0000005C   0xD03B             BEQ.N    ??emberAfReadDiagnosticAttribute_20
   \   0000005E   0x1E40             SUBS     R0,R0,#+1
   \   00000060   0xD03B             BEQ.N    ??emberAfReadDiagnosticAttribute_21
   \   00000062   0x1E40             SUBS     R0,R0,#+1
   \   00000064   0xD03B             BEQ.N    ??emberAfReadDiagnosticAttribute_22
   \   00000066   0x1E40             SUBS     R0,R0,#+1
   \   00000068   0xD03B             BEQ.N    ??emberAfReadDiagnosticAttribute_23
   \   0000006A   0x1E40             SUBS     R0,R0,#+1
   \   0000006C   0xD03B             BEQ.N    ??emberAfReadDiagnosticAttribute_24
   \   0000006E   0x1E40             SUBS     R0,R0,#+1
   \   00000070   0xD03B             BEQ.N    ??emberAfReadDiagnosticAttribute_25
   \   00000072   0x1E40             SUBS     R0,R0,#+1
   \   00000074   0xD03B             BEQ.N    ??emberAfReadDiagnosticAttribute_26
   \   00000076   0xE03C             B.N      ??emberAfReadDiagnosticAttribute_27
     14              case ZCL_MAC_RX_BCAST_ATTRIBUTE_ID:
     15                emberCounter = EMBER_COUNTER_MAC_RX_BROADCAST;
     16                break;
     17              case ZCL_MAC_TX_BCAST_ATTRIBUTE_ID:
     18                emberCounter = EMBER_COUNTER_MAC_TX_BROADCAST;
     19                break;
     20              case ZCL_MAC_RX_UCAST_ATTRIBUTE_ID:
     21                emberCounter = EMBER_COUNTER_MAC_RX_UNICAST;
     22                break;
     23              case ZCL_MAC_TX_UCAST_ATTRIBUTE_ID:
     24                emberCounter = EMBER_COUNTER_MAC_TX_UNICAST_SUCCESS;
     25                break;
     26              case ZCL_MAC_TX_UCAST_RETRY_ATTRIBUTE_ID:
     27                emberCounter = EMBER_COUNTER_MAC_TX_UNICAST_RETRY;
     28                break;
     29              case ZCL_MAC_TX_UCAST_FAIL_ATTRIBUTE_ID:
     30                emberCounter = EMBER_COUNTER_MAC_TX_UNICAST_FAILED;
     31                break;
     32              case ZCL_APS_RX_BCAST_ATTRIBUTE_ID:
     33                emberCounter = EMBER_COUNTER_APS_DATA_RX_BROADCAST;
     34                break;
     35              case ZCL_APS_TX_BCAST_ATTRIBUTE_ID:
     36                emberCounter = EMBER_COUNTER_APS_DATA_TX_BROADCAST;
     37                break;
     38              case ZCL_APS_RX_UCAST_ATTRIBUTE_ID:
     39                emberCounter = EMBER_COUNTER_APS_DATA_RX_UNICAST;
     40                break;
     41              case ZCL_APS_UCAST_SUCCESS_ATTRIBUTE_ID:
     42                emberCounter = EMBER_COUNTER_APS_DATA_TX_UNICAST_SUCCESS;
     43                break;
     44              case ZCL_APS_TX_UCAST_RETRY_ATTRIBUTE_ID:
     45                emberCounter = EMBER_COUNTER_APS_DATA_TX_UNICAST_RETRY;
     46                break;
     47              case ZCL_APS_TX_UCAST_FAIL_ATTRIBUTE_ID:
     48                emberCounter = EMBER_COUNTER_APS_DATA_TX_UNICAST_FAILED;
     49                break;
     50              case ZCL_ROUTE_DISC_INITIATED_ATTRIBUTE_ID:
     51                emberCounter = EMBER_COUNTER_ROUTE_DISCOVERY_INITIATED;
     52                break;
     53              case ZCL_NEIGHBOR_ADDED_ATTRIBUTE_ID:
     54                emberCounter = EMBER_COUNTER_NEIGHBOR_ADDED;
     55                break;
     56              case ZCL_NEIGHBOR_REMOVED_ATTRIBUTE_ID:
     57                emberCounter = EMBER_COUNTER_NEIGHBOR_REMOVED;
     58                break;
     59              case ZCL_NEIGHBOR_STALE_ATTRIBUTE_ID:
     60                emberCounter = EMBER_COUNTER_NEIGHBOR_STALE;
     61                break;
     62              case ZCL_JOIN_INDICATION_ATTRIBUTE_ID:
     63                emberCounter = EMBER_COUNTER_JOIN_INDICATION;
     64                break;
     65              case ZCL_CHILD_MOVED_ATTRIBUTE_ID:
     66                emberCounter = EMBER_COUNTER_CHILD_REMOVED;
     67                break;
     68              case ZCL_NWK_FC_FAILURE_ATTRIBUTE_ID:
     69                emberCounter = EMBER_COUNTER_NWK_FRAME_COUNTER_FAILURE;
     70                break;
     71              case ZCL_APS_FC_FAILURE_ATTRIBUTE_ID:
     72                emberCounter = EMBER_COUNTER_APS_FRAME_COUNTER_FAILURE;
     73                break;
     74              case ZCL_APS_UNAUTHORIZED_KEY_ATTRIBUTE_ID:
     75                emberCounter = EMBER_COUNTER_APS_LINK_KEY_NOT_AUTHORIZED;
     76                break;
     77              case ZCL_NWK_DECRYPT_FAILURE_ATTRIBUTE_ID:
     78                emberCounter = EMBER_COUNTER_NWK_DECRYPTION_FAILURE;
     79                break;
     80              case ZCL_APS_DECRYPT_FAILURE_ATTRIBUTE_ID:
     81                emberCounter = EMBER_COUNTER_APS_DECRYPTION_FAILURE;
     82                break;
     83              case ZCL_PACKET_BUFFER_ALLOC_FAILURES_ATTRIBUTE_ID:
     84                emberCounter = EMBER_COUNTER_ALLOCATE_PACKET_BUFFER_FAILURE;
     85                break;
     86              case ZCL_RELAYED_UNICAST_ATTRIBUTE_ID:
     87                emberCounter = EMBER_COUNTER_RELAYED_UNICAST;
     88                break;
     89              case ZCL_PHY_TO_MAC_QUEUE_LIMIT_REACHED_ATTRIBUTE_ID:
     90                emberCounter = EMBER_COUNTER_PHY_TO_MAC_QUEUE_LIMIT_REACHED;
     91                break;
     92              case ZCL_PACKET_VALIDATE_DROP_COUNT_ATTRIBUTE_ID:
     93                emberCounter = EMBER_COUNTER_PACKET_VALIDATE_LIBRARY_DROPPED_COUNT;
     94                break;  
     95              default:
     96                break;
     97            }
     98            if (emberCounter < EMBER_COUNTER_TYPE_COUNT) {
     99              MEMMOVE(buffer, &emberCounters[emberCounter], 2);
   \                     ??emberAfReadDiagnosticAttribute_0: (+1)
   \   00000078   0x491F             LDR.N    R1,??emberAfReadDiagnosticAttribute_28
   \   0000007A   0xEB01 0x0140      ADD      R1,R1,R0, LSL #+1
   \   0000007E   0x2202             MOVS     R2,#+2
   \   00000080   0x4618             MOV      R0,R3
   \   00000082   0x.... 0x....      BL       halCommonMemMove
    100              return TRUE;
   \   00000086   0x2001             MOVS     R0,#+1
   \   00000088   0xBD02             POP      {R1,PC}          ;; return
    101            }
   \                     ??emberAfReadDiagnosticAttribute_1: (+1)
   \   0000008A   0x2001             MOVS     R0,#+1
   \   0000008C   0xE7F4             B.N      ??emberAfReadDiagnosticAttribute_0
   \                     ??emberAfReadDiagnosticAttribute_2: (+1)
   \   0000008E   0x2002             MOVS     R0,#+2
   \   00000090   0xE7F2             B.N      ??emberAfReadDiagnosticAttribute_0
   \                     ??emberAfReadDiagnosticAttribute_3: (+1)
   \   00000092   0x2003             MOVS     R0,#+3
   \   00000094   0xE7F0             B.N      ??emberAfReadDiagnosticAttribute_0
   \                     ??emberAfReadDiagnosticAttribute_4: (+1)
   \   00000096   0x2004             MOVS     R0,#+4
   \   00000098   0xE7EE             B.N      ??emberAfReadDiagnosticAttribute_0
   \                     ??emberAfReadDiagnosticAttribute_5: (+1)
   \   0000009A   0x2005             MOVS     R0,#+5
   \   0000009C   0xE7EC             B.N      ??emberAfReadDiagnosticAttribute_0
   \                     ??emberAfReadDiagnosticAttribute_6: (+1)
   \   0000009E   0x2006             MOVS     R0,#+6
   \   000000A0   0xE7EA             B.N      ??emberAfReadDiagnosticAttribute_0
   \                     ??emberAfReadDiagnosticAttribute_7: (+1)
   \   000000A2   0x2007             MOVS     R0,#+7
   \   000000A4   0xE7E8             B.N      ??emberAfReadDiagnosticAttribute_0
   \                     ??emberAfReadDiagnosticAttribute_8: (+1)
   \   000000A6   0x2008             MOVS     R0,#+8
   \   000000A8   0xE7E6             B.N      ??emberAfReadDiagnosticAttribute_0
   \                     ??emberAfReadDiagnosticAttribute_9: (+1)
   \   000000AA   0x2009             MOVS     R0,#+9
   \   000000AC   0xE7E4             B.N      ??emberAfReadDiagnosticAttribute_0
   \                     ??emberAfReadDiagnosticAttribute_10: (+1)
   \   000000AE   0x200A             MOVS     R0,#+10
   \   000000B0   0xE7E2             B.N      ??emberAfReadDiagnosticAttribute_0
   \                     ??emberAfReadDiagnosticAttribute_11: (+1)
   \   000000B2   0x200B             MOVS     R0,#+11
   \   000000B4   0xE7E0             B.N      ??emberAfReadDiagnosticAttribute_0
   \                     ??emberAfReadDiagnosticAttribute_12: (+1)
   \   000000B6   0x200C             MOVS     R0,#+12
   \   000000B8   0xE7DE             B.N      ??emberAfReadDiagnosticAttribute_0
   \                     ??emberAfReadDiagnosticAttribute_13: (+1)
   \   000000BA   0x200D             MOVS     R0,#+13
   \   000000BC   0xE7DC             B.N      ??emberAfReadDiagnosticAttribute_0
   \                     ??emberAfReadDiagnosticAttribute_14: (+1)
   \   000000BE   0x200E             MOVS     R0,#+14
   \   000000C0   0xE7DA             B.N      ??emberAfReadDiagnosticAttribute_0
   \                     ??emberAfReadDiagnosticAttribute_15: (+1)
   \   000000C2   0x200F             MOVS     R0,#+15
   \   000000C4   0xE7D8             B.N      ??emberAfReadDiagnosticAttribute_0
   \                     ??emberAfReadDiagnosticAttribute_16: (+1)
   \   000000C6   0x2010             MOVS     R0,#+16
   \   000000C8   0xE7D6             B.N      ??emberAfReadDiagnosticAttribute_0
   \                     ??emberAfReadDiagnosticAttribute_17: (+1)
   \   000000CA   0x2011             MOVS     R0,#+17
   \   000000CC   0xE7D4             B.N      ??emberAfReadDiagnosticAttribute_0
   \                     ??emberAfReadDiagnosticAttribute_18: (+1)
   \   000000CE   0x2015             MOVS     R0,#+21
   \   000000D0   0xE7D2             B.N      ??emberAfReadDiagnosticAttribute_0
   \                     ??emberAfReadDiagnosticAttribute_19: (+1)
   \   000000D2   0x2016             MOVS     R0,#+22
   \   000000D4   0xE7D0             B.N      ??emberAfReadDiagnosticAttribute_0
   \                     ??emberAfReadDiagnosticAttribute_20: (+1)
   \   000000D6   0x2018             MOVS     R0,#+24
   \   000000D8   0xE7CE             B.N      ??emberAfReadDiagnosticAttribute_0
   \                     ??emberAfReadDiagnosticAttribute_21: (+1)
   \   000000DA   0x2019             MOVS     R0,#+25
   \   000000DC   0xE7CC             B.N      ??emberAfReadDiagnosticAttribute_0
   \                     ??emberAfReadDiagnosticAttribute_22: (+1)
   \   000000DE   0x201A             MOVS     R0,#+26
   \   000000E0   0xE7CA             B.N      ??emberAfReadDiagnosticAttribute_0
   \                     ??emberAfReadDiagnosticAttribute_23: (+1)
   \   000000E2   0x201B             MOVS     R0,#+27
   \   000000E4   0xE7C8             B.N      ??emberAfReadDiagnosticAttribute_0
   \                     ??emberAfReadDiagnosticAttribute_24: (+1)
   \   000000E6   0x201C             MOVS     R0,#+28
   \   000000E8   0xE7C6             B.N      ??emberAfReadDiagnosticAttribute_0
   \                     ??emberAfReadDiagnosticAttribute_25: (+1)
   \   000000EA   0x201D             MOVS     R0,#+29
   \   000000EC   0xE7C4             B.N      ??emberAfReadDiagnosticAttribute_0
   \                     ??emberAfReadDiagnosticAttribute_26: (+1)
   \   000000EE   0x201E             MOVS     R0,#+30
   \   000000F0   0xE7C2             B.N      ??emberAfReadDiagnosticAttribute_0
    102            return FALSE;
   \                     ??emberAfReadDiagnosticAttribute_27: (+1)
   \   000000F2   0x2000             MOVS     R0,#+0
   \   000000F4   0xBD02             POP      {R1,PC}
   \   000000F6   0xBF00             Nop      
   \                     ??emberAfReadDiagnosticAttribute_28:
   \   000000F8   0x........         DC32     emberCounters
    103          }
    104          

   Maximum stack usage in bytes:

   .cstack Function
   ------- --------
       8   emberAfReadDiagnosticAttribute
         8   -> halCommonMemMove


   Section sizes:

   Bytes  Function/Label
   -----  --------------
     252  emberAfReadDiagnosticAttribute

 
 252 bytes in section .text
 
 252 bytes of CODE memory

Errors: none
Warnings: none
