###############################################################################
#
# IAR ANSI C/C++ Compiler V7.10.1.6676/W32 for ARM        09/Sep/2015  17:12:31
# Copyright 1999-2014 IAR Systems AB.
#
#    Cpu mode     =  thumb
#    Endian       =  little
#    Source file  =  
#        E:\Zigbee\EmberZNet5.6.0-GA\app\util\common\form-and-join-node-adapter.c
#    Command line =  
#        E:\Zigbee\EmberZNet5.6.0-GA\app\util\common\form-and-join-node-adapter.c
#        -D NULL_BTL -D CORTEXM3 -D CORTEXM3_EMBER_MICRO -D CORTEXM3_EM357 -D
#        PHY_EM3XX -D
#        "APPLICATION_TOKEN_HEADER=\"app/framework/util/tokens.h\"" -D
#        "ATTRIBUTE_STORAGE_CONFIGURATION=\"app/builder/ZigbeeRoute/ZigbeeRoute_endpoint_config.h\""
#        -D "BOARD_HEADER=\"app\builder\ZigbeeRoute\ZigbeeRoute_board.h\"" -D
#        "CONFIGURATION_HEADER=\"app/framework/util/config.h\"" -D
#        "GENERATED_TOKEN_HEADER=\"app/builder/ZigbeeRoute/ZigbeeRoute_tokens.h\""
#        -D "PLATFORM_HEADER=\"hal/micro/cortexm3/compiler/iar.h\"" -D
#        "ZA_GENERATED_HEADER=\"app/builder/ZigbeeRoute/ZigbeeRoute.h\"" -D
#        "__SOURCEFILE__=\"form-and-join-node-adapter.c\"" -lC
#        E:\Zigbee\EmberZNet5.6.0-GA\app\builder\ZigbeeRoute\build\lst\
#        --diag_suppress Pa050 -o
#        E:\Zigbee\EmberZNet5.6.0-GA\app\builder\ZigbeeRoute\build\obj\ --debug
#        --endian=little --cpu=Cortex-M3 --no_path_in_file_macros
#        --separate_cluster_for_initialized_variables -e --fpu=None
#        --dlib_config "C:\Program Files (x86)\IAR Systems\Embedded Workbench
#        7.0\arm\INC\c\DLib_Config_Normal.h" -I
#        E:\Zigbee\EmberZNet5.6.0-GA\app\util\common\ -I
#        E:\Zigbee\EmberZNet5.6.0-GA\app\builder\ZigbeeRoute\ -I
#        E:\Zigbee\EmberZNet5.6.0-GA\app\builder\ZigbeeRoute\..\..\..\ -I
#        E:\Zigbee\EmberZNet5.6.0-GA\app\builder\ZigbeeRoute\..\..\..\app\framework\include\
#        -I
#        E:\Zigbee\EmberZNet5.6.0-GA\app\builder\ZigbeeRoute\..\..\..\app\util\
#        -I E:\Zigbee\EmberZNet5.6.0-GA\app\builder\ZigbeeRoute\..\..\..\stack\
#        -I E:\Zigbee\EmberZNet5.6.0-GA\app\builder\ZigbeeRoute\..\..\..\hal\
#        -I
#        E:\Zigbee\EmberZNet5.6.0-GA\app\builder\ZigbeeRoute\..\..\..\hal\..\
#        -Ohz --use_c++_inline
#    List file    =  
#        E:\Zigbee\EmberZNet5.6.0-GA\app\builder\ZigbeeRoute\build\lst\form-and-join-node-adapter.lst
#    Object file  =  
#        E:\Zigbee\EmberZNet5.6.0-GA\app\builder\ZigbeeRoute\build\obj\form-and-join-node-adapter.o
#
###############################################################################

E:\Zigbee\EmberZNet5.6.0-GA\app\util\common\form-and-join-node-adapter.c
      1          // File: form-and-join-node-adapter.c
      2          //
      3          // Description: this file adapts the form-and-join library to work
      4          // directly on the Zigbee SoC processor (eg, EM250).
      5          
      6          #include PLATFORM_HEADER     // Micro and compiler specific typedefs and macros
      7          
      8          #include "stack/include/ember.h"
      9          #include "hal/hal.h" // for ATOMIC() 
     10          #include "form-and-join.h"
     11          #include "form-and-join-adapter.h"
     12          
     13          #if defined(EMBER_SCRIPTED_TEST)
     14            #define HIDDEN
     15          #else
     16            #define HIDDEN static
     17          #endif
     18          
     19          // We use message buffers for caching energy scan results,
     20          // pan id candidates, and joinable beacons.

   \                                 In section .data, align 1
     21          HIDDEN EmberMessageBuffer dataCache = EMBER_NULL_MESSAGE_BUFFER;
   \                     dataCache:
   \   00000000   0xFF               DC8 255
     22          
     23          #if !defined(EMBER_AF_PLUGIN_FORM_AND_JOIN)
     24            // We are NOT compiled in the context of an App Framework v2 application
     25            // (e.g. Sensor/sink) and the event is the normal name here.
     26            HIDDEN EmberEventControl cleanupEvent;
     27          #else
     28            // Compiled in the context of an Afv2 application and AppBuilder will generate
     29            // event names and functions.  
     30            extern EmberEventControl emberAfPluginFormAndJoinCleanupEventControl;
     31            #define cleanupEvent emberAfPluginFormAndJoinCleanupEventControl
     32          #endif
     33          
     34          #define CLEANUP_TIMEOUT_QS 120
     35          

   \                                 In section .text, align 2, keep-with-next
     36          int8u formAndJoinStackProfile(void)
     37          {
     38            return emberStackProfile();
   \                     formAndJoinStackProfile: (+1)
   \   00000000   0x.... 0x....      B.W      emberStackProfile
     39          }
     40          
     41          // We're relying on the fact that message buffers are a multiple of 16 bytes
     42          // in size, so that NetworkInfo records do not cross buffer boundaries.

   \                                 In section .text, align 2, keep-with-next
     43          NetworkInfo *formAndJoinGetNetworkPointer(int8u index)
     44          {
     45            return (NetworkInfo *) emberGetLinkedBuffersPointer(dataCache,
     46                                                                index << NETWORK_STORAGE_SIZE_SHIFT);
   \                     formAndJoinGetNetworkPointer: (+1)
   \   00000000   0x0101             LSLS     R1,R0,#+4
   \   00000002   0x....             LDR.N    R0,??DataTable8
   \   00000004   0x7800             LDRB     R0,[R0, #+0]
   \   00000006   0xB2C9             UXTB     R1,R1
   \   00000008   0x.... 0x....      B.W      emberGetLinkedBuffersPointer
     47          }
     48          

   \                                 In section .text, align 2, keep-with-next
     49          void formAndJoinSetCleanupTimeout(void)
     50          {
     51            emberEventControlSetDelayQS(cleanupEvent, CLEANUP_TIMEOUT_QS);
   \                     formAndJoinSetCleanupTimeout: (+1)
   \   00000000   0xF44F 0x41F0      MOV      R1,#+30720
   \   00000004   0x....             LDR.N    R0,??DataTable8_1
   \   00000006   0x.... 0x....      B.W      emEventControlSetDelayMS
     52          }
     53          

   \                                 In section .text, align 2, keep-with-next
     54          int8u *formAndJoinAllocateBuffer(void)
     55          {
   \                     formAndJoinAllocateBuffer: (+1)
   \   00000000   0xB580             PUSH     {R7,LR}
     56            dataCache = emberAllocateStackBuffer();
   \   00000002   0x2001             MOVS     R0,#+1
   \   00000004   0x.... 0x....      BL       emberAllocateLinkedBuffers
   \   00000008   0x....             LDR.N    R1,??DataTable8
   \   0000000A   0x7008             STRB     R0,[R1, #+0]
     57            return (dataCache == EMBER_NULL_MESSAGE_BUFFER
     58                    ? NULL
     59                    : emberMessageBufferContents(dataCache));
   \   0000000C   0x28FF             CMP      R0,#+255
   \   0000000E   0xBF1C             ITT      NE 
   \   00000010   0xE8BD 0x4002      POPNE    {R1,LR}
   \   00000014   0x.... 0x....      BNE.W    emberMessageBufferContents
   \   00000018   0x2000             MOVS     R0,#+0
   \   0000001A   0xBD02             POP      {R1,PC}
     60          }
     61          
     62          // Set the dataCache length in terms of the number of NetworkInfo entries.
     63          

   \                                 In section .text, align 2, keep-with-next
     64          EmberStatus formAndJoinSetBufferLength(int8u entryCount)
     65          {
     66            // Don't store more networks than our storage method can accommodate.
     67            if (entryCount > FORM_AND_JOIN_MAX_NETWORKS )
   \                     formAndJoinSetBufferLength: (+1)
   \   00000000   0x2810             CMP      R0,#+16
   \   00000002   0xDB01             BLT.N    ??formAndJoinSetBufferLength_0
     68            {
     69              return EMBER_INVALID_CALL;
   \   00000004   0x2070             MOVS     R0,#+112
   \   00000006   0x4770             BX       LR
     70            }
     71          
     72            return emberSetLinkedBuffersLength(dataCache,  
     73                                               entryCount << NETWORK_STORAGE_SIZE_SHIFT);
   \                     ??formAndJoinSetBufferLength_0: (+1)
   \   00000008   0x0101             LSLS     R1,R0,#+4
   \   0000000A   0x....             LDR.N    R0,??DataTable8
   \   0000000C   0x7800             LDRB     R0,[R0, #+0]
   \   0000000E   0xB2C9             UXTB     R1,R1
   \   00000010   0x.... 0x....      B.W      emberSetLinkedBuffersLength
     74          }
     75          

   \                                 In section .text, align 2, keep-with-next
     76          void formAndJoinReleaseBuffer(void)
     77          {
   \                     formAndJoinReleaseBuffer: (+1)
   \   00000000   0xB510             PUSH     {R4,LR}
     78            if (dataCache != EMBER_NULL_MESSAGE_BUFFER) {
   \   00000002   0x....             LDR.N    R4,??DataTable8
   \   00000004   0x7820             LDRB     R0,[R4, #+0]
   \   00000006   0x28FF             CMP      R0,#+255
   \   00000008   0xD003             BEQ.N    ??formAndJoinReleaseBuffer_0
     79              emberReleaseMessageBuffer(dataCache);
   \   0000000A   0x.... 0x....      BL       emReleaseMessageBuffer
     80              dataCache = EMBER_NULL_MESSAGE_BUFFER;
   \   0000000E   0x20FF             MOVS     R0,#+255
   \   00000010   0x7020             STRB     R0,[R4, #+0]
     81            }
     82            emberEventControlSetInactive(cleanupEvent);
   \                     ??formAndJoinReleaseBuffer_0: (+1)
   \   00000012   0x2000             MOVS     R0,#+0
   \   00000014   0x....             LDR.N    R1,??DataTable8_1
   \   00000016   0x7008             STRB     R0,[R1, #+0]
     83          }
   \   00000018   0xBD10             POP      {R4,PC}          ;; return
     84          

   \                                 In section .text, align 2, keep-with-next
     85          static void cleanupEventHandler(void)
     86          {
     87            emberEventControlSetInactive(cleanupEvent);
   \                     cleanupEventHandler: (+1)
   \   00000000   0x....             LDR.N    R1,??DataTable8_1
   \   00000002   0x2000             MOVS     R0,#+0
   \   00000004   0x7008             STRB     R0,[R1, #+0]
     88            emberFormAndJoinCleanup(EMBER_SUCCESS);
   \   00000006   0x.... 0x....      B.W      emberFormAndJoinCleanup
     89          }
     90          

   \                                 In section .text, align 4, keep-with-next
     91          static EmberEventData formAndJoinEvents[] =
   \                     formAndJoinEvents:
   \   00000000   0x........         DC32 emberAfPluginFormAndJoinCleanupEventControl, cleanupEventHandler
   \              0x........   
   \   00000008   0x00000000         DC32 0H, 0H
   \              0x00000000   
     92            {
     93              { &cleanupEvent, cleanupEventHandler },
     94              { NULL, NULL }       // terminator
     95            };
     96          

   \                                 In section .text, align 2, keep-with-next
     97          void emberFormAndJoinTick(void)
     98          {
     99            emberRunEvents(formAndJoinEvents);
   \                     emberFormAndJoinTick: (+1)
   \   00000000   0x.... 0x....      ADR.W    R0,formAndJoinEvents
   \   00000004   0x.... 0x....      B.W      emberRunEvents
    100          }
    101          

   \                                 In section .bss, align 1
    102          static EmberTaskId formAndJoinTask;
   \                     formAndJoinTask:
   \   00000000                      DS8 1
    103          

   \                                 In section .text, align 2, keep-with-next
    104          void emberFormAndJoinTaskInit(void)
    105          {
   \                     emberFormAndJoinTaskInit: (+1)
   \   00000000   0xB580             PUSH     {R7,LR}
    106            formAndJoinTask = emberTaskInit(formAndJoinEvents);
   \   00000002   0x.... 0x....      ADR.W    R0,formAndJoinEvents
   \   00000006   0x.... 0x....      BL       emberTaskInit
   \   0000000A   0x....             LDR.N    R1,??DataTable8_2
   \   0000000C   0x7008             STRB     R0,[R1, #+0]
    107          }
   \   0000000E   0xBD01             POP      {R0,PC}          ;; return
    108          

   \                                 In section .text, align 2, keep-with-next
    109          void emberFormAndJoinRunTask(void)
    110          {
   \                     emberFormAndJoinRunTask: (+1)
   \   00000000   0xB538             PUSH     {R3-R5,LR}
    111            emberRunTask(formAndJoinTask);
   \   00000002   0x....             LDR.N    R4,??DataTable8_2
   \   00000004   0x7820             LDRB     R0,[R4, #+0]
   \   00000006   0x.... 0x....      BL       emberRunTask
    112            ATOMIC(
    113              // Its always safe to idle this task since it only depends on the event
    114              emberMarkTaskIdle(formAndJoinTask);
    115            )
   \   0000000A   0x.... 0x....      BL       _disableBasePri
   \   0000000E   0x4605             MOV      R5,R0
   \   00000010   0x7820             LDRB     R0,[R4, #+0]
   \   00000012   0x.... 0x....      BL       emberMarkTaskIdle
   \   00000016   0x4628             MOV      R0,R5
   \   00000018   0xE8BD 0x4032      POP      {R1,R4,R5,LR}
   \   0000001C   0x.... 0x....      B.W      _writeBasePri
    116          }

   \                                 In section .text, align 4, keep-with-next
   \                     ??DataTable8:
   \   00000000   0x........         DC32     dataCache

   \                                 In section .text, align 4, keep-with-next
   \                     ??DataTable8_1:
   \   00000000   0x........         DC32     emberAfPluginFormAndJoinCleanupEventControl

   \                                 In section .text, align 4, keep-with-next
   \                     ??DataTable8_2:
   \   00000000   0x........         DC32     formAndJoinTask

   Maximum stack usage in bytes:

   .cstack Function
   ------- --------
       0   cleanupEventHandler
         0   -> emberFormAndJoinCleanup
      16   emberFormAndJoinRunTask
        16   -> _disableBasePri
         0   -> _writeBasePri
        16   -> emberMarkTaskIdle
        16   -> emberRunTask
       8   emberFormAndJoinTaskInit
         8   -> emberTaskInit
       0   emberFormAndJoinTick
         0   -> emberRunEvents
       8   formAndJoinAllocateBuffer
         8   -> emberAllocateLinkedBuffers
         8   -> emberMessageBufferContents
       0   formAndJoinGetNetworkPointer
         0   -> emberGetLinkedBuffersPointer
       8   formAndJoinReleaseBuffer
         8   -> emReleaseMessageBuffer
       0   formAndJoinSetBufferLength
         0   -> emberSetLinkedBuffersLength
       0   formAndJoinSetCleanupTimeout
         0   -> emEventControlSetDelayMS
       0   formAndJoinStackProfile
         0   -> emberStackProfile


   Section sizes:

   Bytes  Function/Label
   -----  --------------
       4  ??DataTable8
       4  ??DataTable8_1
       4  ??DataTable8_2
      10  cleanupEventHandler
       1  dataCache
      32  emberFormAndJoinRunTask
      16  emberFormAndJoinTaskInit
       8  emberFormAndJoinTick
      28  formAndJoinAllocateBuffer
      16  formAndJoinEvents
      12  formAndJoinGetNetworkPointer
      26  formAndJoinReleaseBuffer
      20  formAndJoinSetBufferLength
      10  formAndJoinSetCleanupTimeout
       4  formAndJoinStackProfile
       1  formAndJoinTask

 
   1 byte  in section .bss
   1 byte  in section .data
 194 bytes in section .text
 
 194 bytes of CODE memory
   2 bytes of DATA memory

Errors: none
Warnings: none
