###############################################################################
#
# IAR ANSI C/C++ Compiler V7.10.1.6676/W32 for ARM        09/Sep/2015  17:13:15
# Copyright 1999-2014 IAR Systems AB.
#
#    Cpu mode     =  thumb
#    Endian       =  little
#    Source file  =  
#        E:\Zigbee\EmberZNet5.6.0-GA\app\builder\ZigbeeRoute\stack-handler-stub.c
#    Command line =  
#        E:\Zigbee\EmberZNet5.6.0-GA\app\builder\ZigbeeRoute\stack-handler-stub.c
#        -D NULL_BTL -D CORTEXM3 -D CORTEXM3_EMBER_MICRO -D CORTEXM3_EM357 -D
#        PHY_EM3XX -D
#        "APPLICATION_TOKEN_HEADER=\"app/framework/util/tokens.h\"" -D
#        "ATTRIBUTE_STORAGE_CONFIGURATION=\"app/builder/ZigbeeRoute/ZigbeeRoute_endpoint_config.h\""
#        -D "BOARD_HEADER=\"app\builder\ZigbeeRoute\ZigbeeRoute_board.h\"" -D
#        "CONFIGURATION_HEADER=\"app/framework/util/config.h\"" -D
#        "GENERATED_TOKEN_HEADER=\"app/builder/ZigbeeRoute/ZigbeeRoute_tokens.h\""
#        -D "PLATFORM_HEADER=\"hal/micro/cortexm3/compiler/iar.h\"" -D
#        "ZA_GENERATED_HEADER=\"app/builder/ZigbeeRoute/ZigbeeRoute.h\"" -D
#        "__SOURCEFILE__=\"stack-handler-stub.c\"" -lC
#        E:\Zigbee\EmberZNet5.6.0-GA\app\builder\ZigbeeRoute\build\lst\
#        --diag_suppress Pa050 -o
#        E:\Zigbee\EmberZNet5.6.0-GA\app\builder\ZigbeeRoute\build\obj\ --debug
#        --endian=little --cpu=Cortex-M3 --no_path_in_file_macros
#        --separate_cluster_for_initialized_variables -e --fpu=None
#        --dlib_config "C:\Program Files (x86)\IAR Systems\Embedded Workbench
#        7.0\arm\INC\c\DLib_Config_Normal.h" -I
#        E:\Zigbee\EmberZNet5.6.0-GA\app\builder\ZigbeeRoute\ -I
#        E:\Zigbee\EmberZNet5.6.0-GA\app\builder\ZigbeeRoute\ -I
#        E:\Zigbee\EmberZNet5.6.0-GA\app\builder\ZigbeeRoute\..\..\..\ -I
#        E:\Zigbee\EmberZNet5.6.0-GA\app\builder\ZigbeeRoute\..\..\..\app\framework\include\
#        -I
#        E:\Zigbee\EmberZNet5.6.0-GA\app\builder\ZigbeeRoute\..\..\..\app\util\
#        -I E:\Zigbee\EmberZNet5.6.0-GA\app\builder\ZigbeeRoute\..\..\..\stack\
#        -I E:\Zigbee\EmberZNet5.6.0-GA\app\builder\ZigbeeRoute\..\..\..\hal\
#        -I
#        E:\Zigbee\EmberZNet5.6.0-GA\app\builder\ZigbeeRoute\..\..\..\hal\..\
#        -Ohz --use_c++_inline
#    List file    =  
#        E:\Zigbee\EmberZNet5.6.0-GA\app\builder\ZigbeeRoute\build\lst\stack-handler-stub.lst
#    Object file  =  
#        E:\Zigbee\EmberZNet5.6.0-GA\app\builder\ZigbeeRoute\build\obj\stack-handler-stub.o
#
###############################################################################

E:\Zigbee\EmberZNet5.6.0-GA\app\builder\ZigbeeRoute\stack-handler-stub.c
      1          // This file is generated by Ember Desktop.  Please do not edit manually.
      2          //
      3          //
      4          
      5          // This c file provides stubs for all callbacks. These stubs
      6          // will be used in the case where user defined implementations
      7          // of the callbacks have not been provided.
      8          #include "app/framework/include/af.h"
      9          // Stubs required for implemented stack handlers.
     10          
     11          
     12          #ifdef EZSP_HOST
     13          #else // ! EZSP_HOST
     14          #endif // EZSP_HOST


 

 


Errors: none
Warnings: none
