###############################################################################
#
# IAR ANSI C/C++ Compiler V7.10.1.6676/W32 for ARM        31/Aug/2015  13:55:39
# Copyright 1999-2014 IAR Systems AB.
#
#    Cpu mode     =  thumb
#    Endian       =  little
#    Source file  =  
#        E:\Zigbee\EmberZNet5.6.0-GA\app\framework\plugin\standalone-bootloader-client\standalone-bootloader-client-cli.c
#    Command line =  
#        E:\Zigbee\EmberZNet5.6.0-GA\app\framework\plugin\standalone-bootloader-client\standalone-bootloader-client-cli.c
#        -D NULL_BTL -D CORTEXM3 -D CORTEXM3_EMBER_MICRO -D CORTEXM3_EM357 -D
#        PHY_EM3XX -D
#        "APPLICATION_TOKEN_HEADER=\"app/framework/util/tokens.h\"" -D
#        "ATTRIBUTE_STORAGE_CONFIGURATION=\"app/builder/ZigbeeRoute/ZigbeeRoute_endpoint_config.h\""
#        -D "BOARD_HEADER=\"app\builder\ZigbeeRoute\ZigbeeRoute_board.h\"" -D
#        "CONFIGURATION_HEADER=\"app/framework/util/config.h\"" -D
#        "GENERATED_TOKEN_HEADER=\"app/builder/ZigbeeRoute/ZigbeeRoute_tokens.h\""
#        -D "PLATFORM_HEADER=\"hal/micro/cortexm3/compiler/iar.h\"" -D
#        "ZA_GENERATED_HEADER=\"app/builder/ZigbeeRoute/ZigbeeRoute.h\"" -D
#        "__SOURCEFILE__=\"standalone-bootloader-client-cli.c\"" -lC
#        E:\Zigbee\EmberZNet5.6.0-GA\app\builder\ZigbeeRoute\build\lst\
#        --diag_suppress Pa050 -o
#        E:\Zigbee\EmberZNet5.6.0-GA\app\builder\ZigbeeRoute\build\obj\ --debug
#        --endian=little --cpu=Cortex-M3 --no_path_in_file_macros
#        --separate_cluster_for_initialized_variables -e --fpu=None
#        --dlib_config "C:\Program Files (x86)\IAR Systems\Embedded Workbench
#        7.0\arm\INC\c\DLib_Config_Normal.h" -I
#        E:\Zigbee\EmberZNet5.6.0-GA\app\framework\plugin\standalone-bootloader-client\
#        -I E:\Zigbee\EmberZNet5.6.0-GA\app\builder\ZigbeeRoute\ -I
#        E:\Zigbee\EmberZNet5.6.0-GA\app\builder\ZigbeeRoute\..\..\..\ -I
#        E:\Zigbee\EmberZNet5.6.0-GA\app\builder\ZigbeeRoute\..\..\..\app\framework\include\
#        -I
#        E:\Zigbee\EmberZNet5.6.0-GA\app\builder\ZigbeeRoute\..\..\..\app\util\
#        -I E:\Zigbee\EmberZNet5.6.0-GA\app\builder\ZigbeeRoute\..\..\..\stack\
#        -I E:\Zigbee\EmberZNet5.6.0-GA\app\builder\ZigbeeRoute\..\..\..\hal\
#        -I
#        E:\Zigbee\EmberZNet5.6.0-GA\app\builder\ZigbeeRoute\..\..\..\hal\..\
#        -Ohz --use_c++_inline
#    List file    =  
#        E:\Zigbee\EmberZNet5.6.0-GA\app\builder\ZigbeeRoute\build\lst\standalone-bootloader-client-cli.lst
#    Object file  =  
#        E:\Zigbee\EmberZNet5.6.0-GA\app\builder\ZigbeeRoute\build\obj\standalone-bootloader-client-cli.o
#
###############################################################################

E:\Zigbee\EmberZNet5.6.0-GA\app\framework\plugin\standalone-bootloader-client\standalone-bootloader-client-cli.c
      1          // * standalone-bootloader-client-cli.c
      2          // *
      3          // * This file defines the standalone bootloader client CLI.
      4          // * 
      5          // * Copyright 2012 Silicon Laboratories, Inc.                              *80*
      6          // *****************************************************************************
      7          
      8          #include "app/framework/include/af.h"
      9          #include "app/framework/plugin/standalone-bootloader-common/bootloader-protocol.h"
     10          #include "standalone-bootloader-client.h"
     11          
     12          #include "app/util/serial/command-interpreter2.h"
     13          
     14          //------------------------------------------------------------------------------
     15          // Forward declarations
     16          
     17          
     18          
     19          //------------------------------------------------------------------------------
     20          // Globals
     21          
     22          #ifndef EMBER_AF_GENERATE_CLI
     23          EmberCommandEntry emberAfPluginStandaloneBootloaderClientCommands[] = {
     24            emberCommandEntryAction("status", emAfStandaloneBootloaderClientPrintStatus, "",
     25                                    "Prints the current status of the client"),
     26            emberCommandEntryTerminator(),
     27          };
     28          #endif // EMBER_AF_GENERATE_CLI
     29          //------------------------------------------------------------------------------
     30          // Functions
     31          


 

 


Errors: none
Warnings: none
