###############################################################################
#
# IAR ANSI C/C++ Compiler V7.10.1.6676/W32 for ARM        18/Apr/2016  13:01:19
# Copyright 1999-2014 IAR Systems AB.
#
#    Cpu mode     =  thumb
#    Endian       =  little
#    Source file  =  
#        D:\Work
#        Space\Silabs\Zigbee\EmberZNet5.6.0-GA\hal\micro\cortexm3\usb\cdc\callbacks.c
#    Command line =  
#        "D:\Work
#        Space\Silabs\Zigbee\EmberZNet5.6.0-GA\hal\micro\cortexm3\usb\cdc\callbacks.c"
#        -D SWITCH_1_BUTTON -D NULL_BTL -D CORTEXM3 -D CORTEXM3_EMBER_MICRO -D
#        CORTEXM3_EM357 -D PHY_EM3XX -D
#        "APPLICATION_TOKEN_HEADER=\"app/framework/util/tokens.h\"" -D
#        "ATTRIBUTE_STORAGE_CONFIGURATION=\"app/builder/ZigbeeRoute/ZigbeeRoute_endpoint_config.h\""
#        -D "BOARD_HEADER=\"app\builder\ZigbeeRoute\ZigbeeRoute_board.h\"" -D
#        "CONFIGURATION_HEADER=\"app/framework/util/config.h\"" -D
#        "GENERATED_TOKEN_HEADER=\"app/builder/ZigbeeRoute/ZigbeeRoute_tokens.h\""
#        -D "PLATFORM_HEADER=\"hal/micro/cortexm3/compiler/iar.h\"" -D
#        "ZA_GENERATED_HEADER=\"app/builder/ZigbeeRoute/ZigbeeRoute.h\"" -D
#        "__SOURCEFILE__=\"callbacks.c\"" -lC "D:\Work
#        Space\Silabs\Zigbee\EmberZNet5.6.0-GA\app\builder\ZigbeeRoute\1
#        nut\List\" --diag_suppress Pa050 -o "D:\Work
#        Space\Silabs\Zigbee\EmberZNet5.6.0-GA\app\builder\ZigbeeRoute\1
#        nut\Obj\" --debug --endian=little --cpu=Cortex-M3
#        --no_path_in_file_macros --separate_cluster_for_initialized_variables
#        -e --fpu=None --dlib_config "C:\Program Files (x86)\IAR
#        Systems\Embedded Workbench 7.0\arm\INC\c\DLib_Config_Normal.h" -I
#        "D:\Work
#        Space\Silabs\Zigbee\EmberZNet5.6.0-GA\hal\micro\cortexm3\usb\cdc\" -I
#        "D:\Work
#        Space\Silabs\Zigbee\EmberZNet5.6.0-GA\app\builder\ZigbeeRoute\" -I
#        "D:\Work
#        Space\Silabs\Zigbee\EmberZNet5.6.0-GA\app\builder\ZigbeeRoute\..\..\..\"
#        -I "D:\Work
#        Space\Silabs\Zigbee\EmberZNet5.6.0-GA\app\builder\ZigbeeRoute\..\..\..\app\framework\include\"
#        -I "D:\Work
#        Space\Silabs\Zigbee\EmberZNet5.6.0-GA\app\builder\ZigbeeRoute\..\..\..\app\util\"
#        -I "D:\Work
#        Space\Silabs\Zigbee\EmberZNet5.6.0-GA\app\builder\ZigbeeRoute\..\..\..\stack\"
#        -I "D:\Work
#        Space\Silabs\Zigbee\EmberZNet5.6.0-GA\app\builder\ZigbeeRoute\..\..\..\hal\"
#        -I "D:\Work
#        Space\Silabs\Zigbee\EmberZNet5.6.0-GA\app\builder\ZigbeeRoute\..\..\..\hal\..\"
#        -Ohz --use_c++_inline
#    List file    =  
#        D:\Work
#        Space\Silabs\Zigbee\EmberZNet5.6.0-GA\app\builder\ZigbeeRoute\1
#        nut\List\callbacks.lst
#    Object file  =  
#        D:\Work
#        Space\Silabs\Zigbee\EmberZNet5.6.0-GA\app\builder\ZigbeeRoute\1
#        nut\Obj\callbacks.o
#
###############################################################################

D:\Work Space\Silabs\Zigbee\EmberZNet5.6.0-GA\hal\micro\cortexm3\usb\cdc\callbacks.c
      1          
      2          #include PLATFORM_HEADER
      3          #include "stack/include/ember.h"
      4          #include "hal/hal.h"
      5          #include "hal/micro/cortexm3/usb/em_usb.h"
      6          #if defined(CORTEXM3_EM35X_USB) && EM_SERIAL3_ENABLED
      7          #include "descriptors.h"
      8          
      9          /**************************************************************************//**
     10           * @brief
     11           *   Handle USB setup commands. Implements CDC class specific commands.
     12           *
     13           * @param[in] setup Pointer to the setup packet received.
     14           *
     15           * @return USB_STATUS_OK if command accepted.
     16           *         USB_STATUS_REQ_UNHANDLED when command is unknown, the USB device
     17           *         stack will handle the request.
     18           *****************************************************************************/
     19          int SetupCmd(const USB_Setup_TypeDef *setup)
     20          {
     21            int retVal = USB_STATUS_REQ_UNHANDLED;
     22          
     23            if ((setup->Type == USB_SETUP_TYPE_CLASS) &&
     24                (setup->Recipient == USB_SETUP_RECIPIENT_INTERFACE))
     25            {
     26              switch (setup->bRequest)
     27              {
     28              case USB_CDC_GETLINECODING:
     29          
     30                #ifdef USB_DEBUG_CDC
     31                DEBUG_BUFFER += sprintf(DEBUG_BUFFER, "CDC_GETLINECODING -> \r\n");
     32                #endif
     33                /********************/
     34                if ((setup->wValue == 0) &&
     35                    (setup->wIndex == 0) &&               /* Interface no.            */
     36                    (setup->wLength == 7) &&              /* Length of cdcLineCoding  */
     37                    (setup->Direction == USB_SETUP_DIR_IN))
     38                {
     39                  /* Send current settings to USB host. */
     40                  // USBD_Write(0, (void*) &cdcLineCoding, 7, NULL);
     41                  USBD_Write(0,NULL,0,NULL);
     42                  retVal = USB_STATUS_OK;
     43                }
     44                break;
     45          
     46              case USB_CDC_SETLINECODING:
     47          
     48                #ifdef USB_DEBUG_CDC
     49                DEBUG_BUFFER += sprintf(DEBUG_BUFFER, "CDC_SETLINECODING -> \r\n");
     50                #endif
     51                /********************/
     52                if ((setup->wValue == 0) &&
     53                    (setup->wIndex == 0) &&               /* Interface no.            */
     54                    (setup->wLength == 7) &&              /* Length of cdcLineCoding  */
     55                    (setup->Direction != USB_SETUP_DIR_IN))
     56                {
     57                  /* Get new settings from USB host. */
     58                  // USBD_Read(0, (void*) &cdcLineCoding, 7, LineCodingReceived);
     59          
     60                  
     61                  USBD_Write(0,NULL,0,NULL);
     62          
     63                  // USBD_Read(0,NULL,7,NULL);
     64                  retVal = USB_STATUS_OK;
     65                }
     66                break;
     67          
     68              case USB_CDC_SETCTRLLINESTATE:
     69                #ifdef USB_DEBUG_CDC
     70                DEBUG_BUFFER += sprintf(DEBUG_BUFFER, "CDC_SETLINESTATE -> \r\n");
     71                #endif
     72                /********************/
     73                if ((setup->wIndex == 0) &&               /* Interface no.  */
     74                    (setup->wLength == 0))                /* No data        */
     75                {
     76                  /* Do nothing ( Non compliant behaviour !! ) */
     77                  USBD_Write(0,NULL,0,NULL);
     78                  retVal = USB_STATUS_OK;
     79                }
     80                break;
     81              }
     82            }
     83          
     84            return retVal;
     85          }
     86          
     87          void stateChange(USBD_State_TypeDef oldState, USBD_State_TypeDef newState)
     88          {
     89            /* Print state transition to debug output */
     90            // emberSerialPrintf(SER232,"%s => %s\r\n", USBD_GetUsbStateName(oldState), USBD_GetUsbStateName(newState));
     91            
     92            if (newState == USBD_STATE_CONFIGURED)
     93            {
     94              /* Start waiting for the 'tick' messages */
     95              // emberSerialPrintf(SER232,"starting read\r\n");
     96              int8u t='\r';
     97          
     98              USBD_Read(EP_DATA_OUT, &t, 1, NULL);
     99              
    100            }
    101          }
    102          
    103          #endif //CORTEXM3_EM35X_USB && EM_SERIAL3_ENABLED
    104          


 

 


Errors: none
Warnings: none
