###############################################################################
#
# IAR ANSI C/C++ Compiler V7.10.1.6676/W32 for ARM        18/Apr/2016  13:01:41
# Copyright 1999-2014 IAR Systems AB.
#
#    Cpu mode     =  thumb
#    Endian       =  little
#    Source file  =  
#        D:\Work
#        Space\Silabs\Zigbee\EmberZNet5.6.0-GA\app\framework\cli\plugin-cli.c
#    Command line =  
#        "D:\Work
#        Space\Silabs\Zigbee\EmberZNet5.6.0-GA\app\framework\cli\plugin-cli.c"
#        -D SWITCH_1_BUTTON -D NULL_BTL -D CORTEXM3 -D CORTEXM3_EMBER_MICRO -D
#        CORTEXM3_EM357 -D PHY_EM3XX -D
#        "APPLICATION_TOKEN_HEADER=\"app/framework/util/tokens.h\"" -D
#        "ATTRIBUTE_STORAGE_CONFIGURATION=\"app/builder/ZigbeeRoute/ZigbeeRoute_endpoint_config.h\""
#        -D "BOARD_HEADER=\"app\builder\ZigbeeRoute\ZigbeeRoute_board.h\"" -D
#        "CONFIGURATION_HEADER=\"app/framework/util/config.h\"" -D
#        "GENERATED_TOKEN_HEADER=\"app/builder/ZigbeeRoute/ZigbeeRoute_tokens.h\""
#        -D "PLATFORM_HEADER=\"hal/micro/cortexm3/compiler/iar.h\"" -D
#        "ZA_GENERATED_HEADER=\"app/builder/ZigbeeRoute/ZigbeeRoute.h\"" -D
#        "__SOURCEFILE__=\"plugin-cli.c\"" -lC "D:\Work
#        Space\Silabs\Zigbee\EmberZNet5.6.0-GA\app\builder\ZigbeeRoute\1
#        nut\List\" --diag_suppress Pa050 -o "D:\Work
#        Space\Silabs\Zigbee\EmberZNet5.6.0-GA\app\builder\ZigbeeRoute\1
#        nut\Obj\" --debug --endian=little --cpu=Cortex-M3
#        --no_path_in_file_macros --separate_cluster_for_initialized_variables
#        -e --fpu=None --dlib_config "C:\Program Files (x86)\IAR
#        Systems\Embedded Workbench 7.0\arm\INC\c\DLib_Config_Normal.h" -I
#        "D:\Work Space\Silabs\Zigbee\EmberZNet5.6.0-GA\app\framework\cli\" -I
#        "D:\Work
#        Space\Silabs\Zigbee\EmberZNet5.6.0-GA\app\builder\ZigbeeRoute\" -I
#        "D:\Work
#        Space\Silabs\Zigbee\EmberZNet5.6.0-GA\app\builder\ZigbeeRoute\..\..\..\"
#        -I "D:\Work
#        Space\Silabs\Zigbee\EmberZNet5.6.0-GA\app\builder\ZigbeeRoute\..\..\..\app\framework\include\"
#        -I "D:\Work
#        Space\Silabs\Zigbee\EmberZNet5.6.0-GA\app\builder\ZigbeeRoute\..\..\..\app\util\"
#        -I "D:\Work
#        Space\Silabs\Zigbee\EmberZNet5.6.0-GA\app\builder\ZigbeeRoute\..\..\..\stack\"
#        -I "D:\Work
#        Space\Silabs\Zigbee\EmberZNet5.6.0-GA\app\builder\ZigbeeRoute\..\..\..\hal\"
#        -I "D:\Work
#        Space\Silabs\Zigbee\EmberZNet5.6.0-GA\app\builder\ZigbeeRoute\..\..\..\hal\..\"
#        -Ohz --use_c++_inline
#    List file    =  
#        D:\Work
#        Space\Silabs\Zigbee\EmberZNet5.6.0-GA\app\builder\ZigbeeRoute\1
#        nut\List\plugin-cli.lst
#    Object file  =  
#        D:\Work
#        Space\Silabs\Zigbee\EmberZNet5.6.0-GA\app\builder\ZigbeeRoute\1
#        nut\Obj\plugin-cli.o
#
###############################################################################

D:\Work Space\Silabs\Zigbee\EmberZNet5.6.0-GA\app\framework\cli\plugin-cli.c
      1          // *******************************************************************
      2          // * plugin-cli.c
      3          // *
      4          // *
      5          // * Copyright 2010 by Ember Corporation. All rights reserved.              *80*
      6          // *******************************************************************
      7          
      8          #include "app/framework/include/af.h"
      9          #include "app/util/serial/command-interpreter2.h"
     10          #include "plugin-cli.h"
     11          
     12          #ifndef EMBER_AF_GENERATE_CLI
     13          
     14          #ifdef EMBER_AF_GENERATED_PLUGIN_COMMAND_ENTRIES
     15          EmberCommandEntry emberAfPluginCommands[] = {
     16            EMBER_AF_GENERATED_PLUGIN_COMMAND_ENTRIES
     17            emberCommandEntryTerminator(),
     18          };
     19          #endif
     20          
     21          #endif // EMBER_AF_GENERATE_CLI


 

 


Errors: none
Warnings: none
